<html>
<head>
<title>TestNG:  Test</title>
<link href="../testng.css" rel="stylesheet" type="text/css" />
<link href="../my-testng.css" rel="stylesheet" type="text/css" />

<style type="text/css">
.log { display: none;} 
.stack-trace { display: none;} 
</style>
<script type="text/javascript">
<!--
function flip(e) {
  current = e.style.display;
  if (current == 'block') {
    e.style.display = 'none';
    return 0;
  }
  else {
    e.style.display = 'block';
    return 1;
  }
}

function toggleBox(szDivId, elem, msg1, msg2)
{
  var res = -1;  if (document.getElementById) {
    res = flip(document.getElementById(szDivId));
  }
  else if (document.all) {
    // this is the way old msie versions work
    res = flip(document.all[szDivId]);
  }
  if(elem) {
    if(res == 0) elem.innerHTML = msg1; else elem.innerHTML = msg2;
  }

}

function toggleAllBoxes() {
  if (document.getElementsByTagName) {
    d = document.getElementsByTagName('div');
    for (i = 0; i < d.length; i++) {
      if (d[i].className == 'log') {
        flip(d[i]);
      }
    }
  }
}

// -->
</script>

</head>
<body>
<h2 align='center'>Test</h2><table border='1' align="center">
<tr>
<td>Tests passed/Failed/Skipped:</td><td>12/3/0</td>
</tr><tr>
<td>Started on:</td><td>Wed Sep 18 10:28:07 IST 2024</td>
</tr>
<tr><td>Total time:</td><td>470 seconds (470388 ms)</td>
</tr><tr>
<td>Included groups:</td><td></td>
</tr><tr>
<td>Excluded groups:</td><td></td>
</tr>
</table><p/>
<small><i>(Hover the method name to see the test class name)</i></small><p/>
<table width='100%' border='1' class='invocation-failed'>
<tr><td colspan='4' align='center'><b>FAILED TESTS</b></td></tr>
<tr><td><b>Test method</b></td>
<td><b>Attribute(s)</b></td>
<td width="30%"><b>Exception</b></td>
<td width="10%"><b>Time (seconds)</b></td>
<td><b>Instance</b></td>
</tr>
<tr>
<td title='AmztestCASES.AZTC_03LoginWrongCredientials.test1()'><b>test1</b><br>Test class: AmztestCASES.AZTC_03LoginWrongCredientials<br/>
<a href="#Output-452817647" onClick='toggleBox("Output-452817647", this, "Show output", "Hide output");'>Show output</a>

<a href="#Output-452817647" onClick="toggleAllBoxes();">Show all outputs</a>
<div class='log' id="Output-452817647">
TestCASE is Failed<br/>
</div>
</td>
<td><div><pre>org.junit.ComparisonFailure: expected:&lt;[Authentication required]&gt; but was:&lt;[Online Shopping site in India: Shop Online for Mobiles, Books, Watches, Shoes and More - Amazon.in]&gt;
	at org.junit.Assert.assertEquals(Assert.java:115)
	at org.junit.Assert.assertEquals(Assert.java:144)
	at AmztestCASES.AZTC_03LoginWrongCredientials.test1(AZTC_03LoginWrongCredientials.java:39)
	at java.base/java.util.ArrayList.forEach(ArrayList.java:1511)
... Removed 31 stack frames</pre></div><a href='#' onClick='toggleBox("stack-trace452817647", this, "Click to show all stack frames", "Click to hide stack frames")'>Click to show all stack frames</a>
<div class='stack-trace' id='stack-trace452817647'><pre>org.junit.ComparisonFailure: expected:&lt;[Authentication required]&gt; but was:&lt;[Online Shopping site in India: Shop Online for Mobiles, Books, Watches, Shoes and More - Amazon.in]&gt;
	at org.junit.Assert.assertEquals(Assert.java:115)
	at org.junit.Assert.assertEquals(Assert.java:144)
	at AmztestCASES.AZTC_03LoginWrongCredientials.test1(AZTC_03LoginWrongCredientials.java:39)
	at java.base/jdk.internal.reflect.NativeMethodAccessorImpl.invoke0(Native Method)
	at java.base/jdk.internal.reflect.NativeMethodAccessorImpl.invoke(NativeMethodAccessorImpl.java:77)
	at java.base/jdk.internal.reflect.DelegatingMethodAccessorImpl.invoke(DelegatingMethodAccessorImpl.java:43)
	at java.base/java.lang.reflect.Method.invoke(Method.java:568)
	at org.testng.internal.invokers.MethodInvocationHelper.invokeMethod(MethodInvocationHelper.java:141)
	at org.testng.internal.invokers.TestInvoker.invokeMethod(TestInvoker.java:686)
	at org.testng.internal.invokers.TestInvoker.invokeTestMethod(TestInvoker.java:230)
	at org.testng.internal.invokers.MethodRunner.runInSequence(MethodRunner.java:63)
	at org.testng.internal.invokers.TestInvoker$MethodInvocationAgent.invoke(TestInvoker.java:992)
	at org.testng.internal.invokers.TestInvoker.invokeTestMethods(TestInvoker.java:203)
	at org.testng.internal.invokers.TestMethodWorker.invokeTestMethods(TestMethodWorker.java:154)
	at org.testng.internal.invokers.TestMethodWorker.run(TestMethodWorker.java:134)
	at java.base/java.util.ArrayList.forEach(ArrayList.java:1511)
	at org.testng.TestRunner.privateRun(TestRunner.java:739)
	at org.testng.TestRunner.run(TestRunner.java:614)
	at org.testng.SuiteRunner.runTest(SuiteRunner.java:421)
	at org.testng.SuiteRunner.runSequentially(SuiteRunner.java:413)
	at org.testng.SuiteRunner.privateRun(SuiteRunner.java:373)
	at org.testng.SuiteRunner.run(SuiteRunner.java:312)
	at org.testng.SuiteRunnerWorker.runSuite(SuiteRunnerWorker.java:52)
	at org.testng.SuiteRunnerWorker.run(SuiteRunnerWorker.java:95)
	at org.testng.TestNG.runSuitesSequentially(TestNG.java:1274)
	at org.testng.TestNG.runSuitesLocally(TestNG.java:1208)
	at org.testng.TestNG.runSuites(TestNG.java:1112)
	at org.testng.TestNG.run(TestNG.java:1079)
	at org.apache.maven.surefire.testng.TestNGExecutor.run(TestNGExecutor.java:324)
	at org.apache.maven.surefire.testng.TestNGXmlTestSuite.execute(TestNGXmlTestSuite.java:74)
	at org.apache.maven.surefire.testng.TestNGProvider.invoke(TestNGProvider.java:123)
	at org.apache.maven.surefire.booter.ForkedBooter.runSuitesInProcess(ForkedBooter.java:456)
	at org.apache.maven.surefire.booter.ForkedBooter.execute(ForkedBooter.java:169)
	at org.apache.maven.surefire.booter.ForkedBooter.run(ForkedBooter.java:595)
	at org.apache.maven.surefire.booter.ForkedBooter.main(ForkedBooter.java:581)
</pre></div></td>
<td>21</td>
<td>AmztestCASES.AZTC_03LoginWrongCredientials@1a942c18</td></tr>
<tr>
<td title='AmztestCASES.AZTC_14RatingPage.ratingpage()'><b>ratingpage</b><br>Test class: AmztestCASES.AZTC_14RatingPage<br/>
<a href="#Output-609825180" onClick='toggleBox("Output-609825180", this, "Show output", "Hide output");'>Show output</a>

<a href="#Output-609825180" onClick="toggleAllBoxes();">Show all outputs</a>
<div class='log' id="Output-609825180">
TestCASE is Failed<br/>
</div>
</td>
<td><div><pre>org.openqa.selenium.NoSuchElementException: no such element: Unable to locate element: {&quot;method&quot;:&quot;xpath&quot;,&quot;selector&quot;:&quot;(//a[@id=&apos;Leave-seller-feedback_2&apos;])[1]&quot;}
  (Session info: chrome=128.0.6613.138)
For documentation on this error, please visit: https://www.selenium.dev/documentation/webdriver/troubleshooting/errors#no-such-element-exception
Build info: version: &apos;4.23.1&apos;, revision: &apos;656257d8e9&apos;
System info: os.name: &apos;Windows 11&apos;, os.arch: &apos;amd64&apos;, os.version: &apos;10.0&apos;, java.version: &apos;17.0.11&apos;
Driver info: org.openqa.selenium.chrome.ChromeDriver
Command: [fd31d3e14d4daae7e1b529477ccd4fd1, findElement {value=(//a[@id=&apos;Leave-seller-feedback_2&apos;])[1], using=xpath}]
Capabilities {acceptInsecureCerts: false, browserName: chrome, browserVersion: 128.0.6613.138, chrome: {chromedriverVersion: 128.0.6613.137 (fe621c5aa2d..., userDataDir: C:\Users\USER\AppData\Local...}, fedcm:accounts: true, goog:chromeOptions: {debuggerAddress: localhost:59452}, networkConnectionEnabled: false, pageLoadStrategy: normal, platformName: windows, proxy: Proxy(), se:cdp: ws://localhost:59452/devtoo..., se:cdpVersion: 128.0.6613.138, setWindowRect: true, strictFileInteractability: false, timeouts: {implicit: 0, pageLoad: 300000, script: 30000}, unhandledPromptBehavior: dismiss and notify, webauthn:extension:credBlob: true, webauthn:extension:largeBlob: true, webauthn:extension:minPinLength: true, webauthn:extension:prf: true, webauthn:virtualAuthenticators: true}
Session ID: fd31d3e14d4daae7e1b529477ccd4fd1
	at org.openqa.selenium.remote.ErrorCodec.decode(ErrorCodec.java:167)
	at org.openqa.selenium.remote.codec.w3c.W3CHttpResponseCodec.decode(W3CHttpResponseCodec.java:138)
	at org.openqa.selenium.remote.codec.w3c.W3CHttpResponseCodec.decode(W3CHttpResponseCodec.java:50)
	at org.openqa.selenium.remote.HttpCommandExecutor.execute(HttpCommandExecutor.java:190)
	at org.openqa.selenium.remote.service.DriverCommandExecutor.invokeExecute(DriverCommandExecutor.java:216)
	at org.openqa.selenium.remote.service.DriverCommandExecutor.execute(DriverCommandExecutor.java:174)
	at org.openqa.selenium.remote.RemoteWebDriver.execute(RemoteWebDriver.java:545)
	at org.openqa.selenium.remote.ElementLocation$ElementFinder$2.findElement(ElementLocation.java:165)
	at org.openqa.selenium.remote.ElementLocation.findElement(ElementLocation.java:59)
	at org.openqa.selenium.remote.RemoteWebDriver.findElement(RemoteWebDriver.java:368)
	at org.openqa.selenium.remote.RemoteWebDriver.findElement(RemoteWebDriver.java:362)
	at org.openqa.selenium.support.pagefactory.DefaultElementLocator.findElement(DefaultElementLocator.java:68)
	at org.openqa.selenium.support.pagefactory.internal.LocatingElementHandler.invoke(LocatingElementHandler.java:38)
	at jdk.proxy2/jdk.proxy2.$Proxy11.click(Unknown Source)
	at AmzSourceFiles.AZ14_RatingPage.review(AZ14_RatingPage.java:33)
	at AmztestCASES.AZTC_14RatingPage.ratingpage(AZTC_14RatingPage.java:39)
	at java.base/java.util.ArrayList.forEach(ArrayList.java:1511)
... Removed 36 stack frames</pre></div><a href='#' onClick='toggleBox("stack-trace609825180", this, "Click to show all stack frames", "Click to hide stack frames")'>Click to show all stack frames</a>
<div class='stack-trace' id='stack-trace609825180'><pre>org.openqa.selenium.NoSuchElementException: no such element: Unable to locate element: {&quot;method&quot;:&quot;xpath&quot;,&quot;selector&quot;:&quot;(//a[@id=&apos;Leave-seller-feedback_2&apos;])[1]&quot;}
  (Session info: chrome=128.0.6613.138)
For documentation on this error, please visit: https://www.selenium.dev/documentation/webdriver/troubleshooting/errors#no-such-element-exception
Build info: version: &apos;4.23.1&apos;, revision: &apos;656257d8e9&apos;
System info: os.name: &apos;Windows 11&apos;, os.arch: &apos;amd64&apos;, os.version: &apos;10.0&apos;, java.version: &apos;17.0.11&apos;
Driver info: org.openqa.selenium.chrome.ChromeDriver
Command: [fd31d3e14d4daae7e1b529477ccd4fd1, findElement {value=(//a[@id=&apos;Leave-seller-feedback_2&apos;])[1], using=xpath}]
Capabilities {acceptInsecureCerts: false, browserName: chrome, browserVersion: 128.0.6613.138, chrome: {chromedriverVersion: 128.0.6613.137 (fe621c5aa2d..., userDataDir: C:\Users\USER\AppData\Local...}, fedcm:accounts: true, goog:chromeOptions: {debuggerAddress: localhost:59452}, networkConnectionEnabled: false, pageLoadStrategy: normal, platformName: windows, proxy: Proxy(), se:cdp: ws://localhost:59452/devtoo..., se:cdpVersion: 128.0.6613.138, setWindowRect: true, strictFileInteractability: false, timeouts: {implicit: 0, pageLoad: 300000, script: 30000}, unhandledPromptBehavior: dismiss and notify, webauthn:extension:credBlob: true, webauthn:extension:largeBlob: true, webauthn:extension:minPinLength: true, webauthn:extension:prf: true, webauthn:virtualAuthenticators: true}
Session ID: fd31d3e14d4daae7e1b529477ccd4fd1
	at java.base/jdk.internal.reflect.NativeConstructorAccessorImpl.newInstance0(Native Method)
	at java.base/jdk.internal.reflect.NativeConstructorAccessorImpl.newInstance(NativeConstructorAccessorImpl.java:77)
	at java.base/jdk.internal.reflect.DelegatingConstructorAccessorImpl.newInstance(DelegatingConstructorAccessorImpl.java:45)
	at java.base/java.lang.reflect.Constructor.newInstanceWithCaller(Constructor.java:499)
	at java.base/java.lang.reflect.Constructor.newInstance(Constructor.java:480)
	at org.openqa.selenium.remote.ErrorCodec.decode(ErrorCodec.java:167)
	at org.openqa.selenium.remote.codec.w3c.W3CHttpResponseCodec.decode(W3CHttpResponseCodec.java:138)
	at org.openqa.selenium.remote.codec.w3c.W3CHttpResponseCodec.decode(W3CHttpResponseCodec.java:50)
	at org.openqa.selenium.remote.HttpCommandExecutor.execute(HttpCommandExecutor.java:190)
	at org.openqa.selenium.remote.service.DriverCommandExecutor.invokeExecute(DriverCommandExecutor.java:216)
	at org.openqa.selenium.remote.service.DriverCommandExecutor.execute(DriverCommandExecutor.java:174)
	at org.openqa.selenium.remote.RemoteWebDriver.execute(RemoteWebDriver.java:545)
	at org.openqa.selenium.remote.ElementLocation$ElementFinder$2.findElement(ElementLocation.java:165)
	at org.openqa.selenium.remote.ElementLocation.findElement(ElementLocation.java:59)
	at org.openqa.selenium.remote.RemoteWebDriver.findElement(RemoteWebDriver.java:368)
	at org.openqa.selenium.remote.RemoteWebDriver.findElement(RemoteWebDriver.java:362)
	at org.openqa.selenium.support.pagefactory.DefaultElementLocator.findElement(DefaultElementLocator.java:68)
	at org.openqa.selenium.support.pagefactory.internal.LocatingElementHandler.invoke(LocatingElementHandler.java:38)
	at jdk.proxy2/jdk.proxy2.$Proxy11.click(Unknown Source)
	at AmzSourceFiles.AZ14_RatingPage.review(AZ14_RatingPage.java:33)
	at AmztestCASES.AZTC_14RatingPage.ratingpage(AZTC_14RatingPage.java:39)
	at java.base/jdk.internal.reflect.NativeMethodAccessorImpl.invoke0(Native Method)
	at java.base/jdk.internal.reflect.NativeMethodAccessorImpl.invoke(NativeMethodAccessorImpl.java:77)
	at java.base/jdk.internal.reflect.DelegatingMethodAccessorImpl.invoke(DelegatingMethodAccessorImpl.java:43)
	at java.base/java.lang.reflect.Method.invoke(Method.java:568)
	at org.testng.internal.invokers.MethodInvocationHelper.invokeMethod(MethodInvocationHelper.java:141)
	at org.testng.internal.invokers.TestInvoker.invokeMethod(TestInvoker.java:686)
	at org.testng.internal.invokers.TestInvoker.invokeTestMethod(TestInvoker.java:230)
	at org.testng.internal.invokers.MethodRunner.runInSequence(MethodRunner.java:63)
	at org.testng.internal.invokers.TestInvoker$MethodInvocationAgent.invoke(TestInvoker.java:992)
	at org.testng.internal.invokers.TestInvoker.invokeTestMethods(TestInvoker.java:203)
	at org.testng.internal.invokers.TestMethodWorker.invokeTestMethods(TestMethodWorker.java:154)
	at org.testng.internal.invokers.TestMethodWorker.run(TestMethodWorker.java:134)
	at java.base/java.util.ArrayList.forEach(ArrayList.java:1511)
	at org.testng.TestRunner.privateRun(TestRunner.java:739)
	at org.testng.TestRunner.run(TestRunner.java:614)
	at org.testng.SuiteRunner.runTest(SuiteRunner.java:421)
	at org.testng.SuiteRunner.runSequentially(SuiteRunner.java:413)
	at org.testng.SuiteRunner.privateRun(SuiteRunner.java:373)
	at org.testng.SuiteRunner.run(SuiteRunner.java:312)
	at org.testng.SuiteRunnerWorker.runSuite(SuiteRunnerWorker.java:52)
	at org.testng.SuiteRunnerWorker.run(SuiteRunnerWorker.java:95)
	at org.testng.TestNG.runSuitesSequentially(TestNG.java:1274)
	at org.testng.TestNG.runSuitesLocally(TestNG.java:1208)
	at org.testng.TestNG.runSuites(TestNG.java:1112)
	at org.testng.TestNG.run(TestNG.java:1079)
	at org.apache.maven.surefire.testng.TestNGExecutor.run(TestNGExecutor.java:324)
	at org.apache.maven.surefire.testng.TestNGXmlTestSuite.execute(TestNGXmlTestSuite.java:74)
	at org.apache.maven.surefire.testng.TestNGProvider.invoke(TestNGProvider.java:123)
	at org.apache.maven.surefire.booter.ForkedBooter.runSuitesInProcess(ForkedBooter.java:456)
	at org.apache.maven.surefire.booter.ForkedBooter.execute(ForkedBooter.java:169)
	at org.apache.maven.surefire.booter.ForkedBooter.run(ForkedBooter.java:595)
	at org.apache.maven.surefire.booter.ForkedBooter.main(ForkedBooter.java:581)
</pre></div></td>
<td>52</td>
<td>AmztestCASES.AZTC_14RatingPage@428640fa</td></tr>
<tr>
<td title='AmztestCASES.AZTC_04Profilemanage.Profile()'><b>Profile</b><br>Test class: AmztestCASES.AZTC_04Profilemanage<br/>
<a href="#Output-1675471168" onClick='toggleBox("Output-1675471168", this, "Show output", "Hide output");'>Show output</a>

<a href="#Output-1675471168" onClick="toggleAllBoxes();">Show all outputs</a>
<div class='log' id="Output-1675471168">
TestCASE is Failed<br/>
</div>
</td>
<td><div><pre>org.openqa.selenium.NoSuchElementException: no such element: Unable to locate element: {&quot;method&quot;:&quot;link text&quot;,&quot;selector&quot;:&quot;//a[@href=&apos;/slc/hub?disablePicker=1&amp;shoppingAs=1&amp;ref=sl_ph_navpicker&apos;]&quot;}
  (Session info: chrome=128.0.6613.138)
For documentation on this error, please visit: https://www.selenium.dev/documentation/webdriver/troubleshooting/errors#no-such-element-exception
Build info: version: &apos;4.23.1&apos;, revision: &apos;656257d8e9&apos;
System info: os.name: &apos;Windows 11&apos;, os.arch: &apos;amd64&apos;, os.version: &apos;10.0&apos;, java.version: &apos;17.0.11&apos;
Driver info: org.openqa.selenium.chrome.ChromeDriver
Command: [9438cbd2262e25605e69e6a881b12696, findElement {value=//a[@href=&apos;/slc/hub?disablePicker=1&amp;shoppingAs=1&amp;ref=sl_ph_navpicker&apos;], using=link text}]
Capabilities {acceptInsecureCerts: false, browserName: chrome, browserVersion: 128.0.6613.138, chrome: {chromedriverVersion: 128.0.6613.137 (fe621c5aa2d..., userDataDir: C:\Users\USER\AppData\Local...}, fedcm:accounts: true, goog:chromeOptions: {debuggerAddress: localhost:61264}, networkConnectionEnabled: false, pageLoadStrategy: normal, platformName: windows, proxy: Proxy(), se:cdp: ws://localhost:61264/devtoo..., se:cdpVersion: 128.0.6613.138, setWindowRect: true, strictFileInteractability: false, timeouts: {implicit: 0, pageLoad: 300000, script: 30000}, unhandledPromptBehavior: dismiss and notify, webauthn:extension:credBlob: true, webauthn:extension:largeBlob: true, webauthn:extension:minPinLength: true, webauthn:extension:prf: true, webauthn:virtualAuthenticators: true}
Session ID: 9438cbd2262e25605e69e6a881b12696
	at org.openqa.selenium.remote.ErrorCodec.decode(ErrorCodec.java:167)
	at org.openqa.selenium.remote.codec.w3c.W3CHttpResponseCodec.decode(W3CHttpResponseCodec.java:138)
	at org.openqa.selenium.remote.codec.w3c.W3CHttpResponseCodec.decode(W3CHttpResponseCodec.java:50)
	at org.openqa.selenium.remote.HttpCommandExecutor.execute(HttpCommandExecutor.java:190)
	at org.openqa.selenium.remote.service.DriverCommandExecutor.invokeExecute(DriverCommandExecutor.java:216)
	at org.openqa.selenium.remote.service.DriverCommandExecutor.execute(DriverCommandExecutor.java:174)
	at org.openqa.selenium.remote.RemoteWebDriver.execute(RemoteWebDriver.java:545)
	at org.openqa.selenium.remote.ElementLocation$ElementFinder$2.findElement(ElementLocation.java:165)
	at org.openqa.selenium.remote.ElementLocation.findElement(ElementLocation.java:59)
	at org.openqa.selenium.remote.RemoteWebDriver.findElement(RemoteWebDriver.java:368)
	at org.openqa.selenium.remote.RemoteWebDriver.findElement(RemoteWebDriver.java:362)
	at org.openqa.selenium.support.pagefactory.DefaultElementLocator.findElement(DefaultElementLocator.java:68)
	at org.openqa.selenium.support.pagefactory.internal.LocatingElementHandler.invoke(LocatingElementHandler.java:38)
	at jdk.proxy2/jdk.proxy2.$Proxy11.click(Unknown Source)
	at AmzSourceFiles.AZ_ManageProfile.Pview(AZ_ManageProfile.java:36)
	at AmztestCASES.AZTC_04Profilemanage.Profile(AZTC_04Profilemanage.java:42)
	at java.base/java.util.ArrayList.forEach(ArrayList.java:1511)
... Removed 36 stack frames</pre></div><a href='#' onClick='toggleBox("stack-trace1675471168", this, "Click to show all stack frames", "Click to hide stack frames")'>Click to show all stack frames</a>
<div class='stack-trace' id='stack-trace1675471168'><pre>org.openqa.selenium.NoSuchElementException: no such element: Unable to locate element: {&quot;method&quot;:&quot;link text&quot;,&quot;selector&quot;:&quot;//a[@href=&apos;/slc/hub?disablePicker=1&amp;shoppingAs=1&amp;ref=sl_ph_navpicker&apos;]&quot;}
  (Session info: chrome=128.0.6613.138)
For documentation on this error, please visit: https://www.selenium.dev/documentation/webdriver/troubleshooting/errors#no-such-element-exception
Build info: version: &apos;4.23.1&apos;, revision: &apos;656257d8e9&apos;
System info: os.name: &apos;Windows 11&apos;, os.arch: &apos;amd64&apos;, os.version: &apos;10.0&apos;, java.version: &apos;17.0.11&apos;
Driver info: org.openqa.selenium.chrome.ChromeDriver
Command: [9438cbd2262e25605e69e6a881b12696, findElement {value=//a[@href=&apos;/slc/hub?disablePicker=1&amp;shoppingAs=1&amp;ref=sl_ph_navpicker&apos;], using=link text}]
Capabilities {acceptInsecureCerts: false, browserName: chrome, browserVersion: 128.0.6613.138, chrome: {chromedriverVersion: 128.0.6613.137 (fe621c5aa2d..., userDataDir: C:\Users\USER\AppData\Local...}, fedcm:accounts: true, goog:chromeOptions: {debuggerAddress: localhost:61264}, networkConnectionEnabled: false, pageLoadStrategy: normal, platformName: windows, proxy: Proxy(), se:cdp: ws://localhost:61264/devtoo..., se:cdpVersion: 128.0.6613.138, setWindowRect: true, strictFileInteractability: false, timeouts: {implicit: 0, pageLoad: 300000, script: 30000}, unhandledPromptBehavior: dismiss and notify, webauthn:extension:credBlob: true, webauthn:extension:largeBlob: true, webauthn:extension:minPinLength: true, webauthn:extension:prf: true, webauthn:virtualAuthenticators: true}
Session ID: 9438cbd2262e25605e69e6a881b12696
	at java.base/jdk.internal.reflect.NativeConstructorAccessorImpl.newInstance0(Native Method)
	at java.base/jdk.internal.reflect.NativeConstructorAccessorImpl.newInstance(NativeConstructorAccessorImpl.java:77)
	at java.base/jdk.internal.reflect.DelegatingConstructorAccessorImpl.newInstance(DelegatingConstructorAccessorImpl.java:45)
	at java.base/java.lang.reflect.Constructor.newInstanceWithCaller(Constructor.java:499)
	at java.base/java.lang.reflect.Constructor.newInstance(Constructor.java:480)
	at org.openqa.selenium.remote.ErrorCodec.decode(ErrorCodec.java:167)
	at org.openqa.selenium.remote.codec.w3c.W3CHttpResponseCodec.decode(W3CHttpResponseCodec.java:138)
	at org.openqa.selenium.remote.codec.w3c.W3CHttpResponseCodec.decode(W3CHttpResponseCodec.java:50)
	at org.openqa.selenium.remote.HttpCommandExecutor.execute(HttpCommandExecutor.java:190)
	at org.openqa.selenium.remote.service.DriverCommandExecutor.invokeExecute(DriverCommandExecutor.java:216)
	at org.openqa.selenium.remote.service.DriverCommandExecutor.execute(DriverCommandExecutor.java:174)
	at org.openqa.selenium.remote.RemoteWebDriver.execute(RemoteWebDriver.java:545)
	at org.openqa.selenium.remote.ElementLocation$ElementFinder$2.findElement(ElementLocation.java:165)
	at org.openqa.selenium.remote.ElementLocation.findElement(ElementLocation.java:59)
	at org.openqa.selenium.remote.RemoteWebDriver.findElement(RemoteWebDriver.java:368)
	at org.openqa.selenium.remote.RemoteWebDriver.findElement(RemoteWebDriver.java:362)
	at org.openqa.selenium.support.pagefactory.DefaultElementLocator.findElement(DefaultElementLocator.java:68)
	at org.openqa.selenium.support.pagefactory.internal.LocatingElementHandler.invoke(LocatingElementHandler.java:38)
	at jdk.proxy2/jdk.proxy2.$Proxy11.click(Unknown Source)
	at AmzSourceFiles.AZ_ManageProfile.Pview(AZ_ManageProfile.java:36)
	at AmztestCASES.AZTC_04Profilemanage.Profile(AZTC_04Profilemanage.java:42)
	at java.base/jdk.internal.reflect.NativeMethodAccessorImpl.invoke0(Native Method)
	at java.base/jdk.internal.reflect.NativeMethodAccessorImpl.invoke(NativeMethodAccessorImpl.java:77)
	at java.base/jdk.internal.reflect.DelegatingMethodAccessorImpl.invoke(DelegatingMethodAccessorImpl.java:43)
	at java.base/java.lang.reflect.Method.invoke(Method.java:568)
	at org.testng.internal.invokers.MethodInvocationHelper.invokeMethod(MethodInvocationHelper.java:141)
	at org.testng.internal.invokers.TestInvoker.invokeMethod(TestInvoker.java:686)
	at org.testng.internal.invokers.TestInvoker.invokeTestMethod(TestInvoker.java:230)
	at org.testng.internal.invokers.MethodRunner.runInSequence(MethodRunner.java:63)
	at org.testng.internal.invokers.TestInvoker$MethodInvocationAgent.invoke(TestInvoker.java:992)
	at org.testng.internal.invokers.TestInvoker.invokeTestMethods(TestInvoker.java:203)
	at org.testng.internal.invokers.TestMethodWorker.invokeTestMethods(TestMethodWorker.java:154)
	at org.testng.internal.invokers.TestMethodWorker.run(TestMethodWorker.java:134)
	at java.base/java.util.ArrayList.forEach(ArrayList.java:1511)
	at org.testng.TestRunner.privateRun(TestRunner.java:739)
	at org.testng.TestRunner.run(TestRunner.java:614)
	at org.testng.SuiteRunner.runTest(SuiteRunner.java:421)
	at org.testng.SuiteRunner.runSequentially(SuiteRunner.java:413)
	at org.testng.SuiteRunner.privateRun(SuiteRunner.java:373)
	at org.testng.SuiteRunner.run(SuiteRunner.java:312)
	at org.testng.SuiteRunnerWorker.runSuite(SuiteRunnerWorker.java:52)
	at org.testng.SuiteRunnerWorker.run(SuiteRunnerWorker.java:95)
	at org.testng.TestNG.runSuitesSequentially(TestNG.java:1274)
	at org.testng.TestNG.runSuitesLocally(TestNG.java:1208)
	at org.testng.TestNG.runSuites(TestNG.java:1112)
	at org.testng.TestNG.run(TestNG.java:1079)
	at org.apache.maven.surefire.testng.TestNGExecutor.run(TestNGExecutor.java:324)
	at org.apache.maven.surefire.testng.TestNGXmlTestSuite.execute(TestNGXmlTestSuite.java:74)
	at org.apache.maven.surefire.testng.TestNGProvider.invoke(TestNGProvider.java:123)
	at org.apache.maven.surefire.booter.ForkedBooter.runSuitesInProcess(ForkedBooter.java:456)
	at org.apache.maven.surefire.booter.ForkedBooter.execute(ForkedBooter.java:169)
	at org.apache.maven.surefire.booter.ForkedBooter.run(ForkedBooter.java:595)
	at org.apache.maven.surefire.booter.ForkedBooter.main(ForkedBooter.java:581)
</pre></div></td>
<td>59</td>
<td>AmztestCASES.AZTC_04Profilemanage@750e2b97</td></tr>
</table><p>
<table width='100%' border='1' class='invocation-passed'>
<tr><td colspan='4' align='center'><b>PASSED TESTS</b></td></tr>
<tr><td><b>Test method</b></td>
<td><b>Attribute(s)</b></td>
<td width="30%"><b>Exception</b></td>
<td width="10%"><b>Time (seconds)</b></td>
<td><b>Instance</b></td>
</tr>
<tr>
<td title='AmztestCASES.AZTC_05SearchProduct.search()'><b>search</b><br>Test class: AmztestCASES.AZTC_05SearchProduct<br/>
<a href="#Output-130211746" onClick='toggleBox("Output-130211746", this, "Show output", "Hide output");'>Show output</a>

<a href="#Output-130211746" onClick="toggleAllBoxes();">Show all outputs</a>
<div class='log' id="Output-130211746">
TestCASE is Passed<br/>
</div>
</td>
<td></td>
<td>27</td>
<td>AmztestCASES.AZTC_05SearchProduct@55a147cc</td></tr>
<tr>
<td title='AmztestCASES.AZTC_10UpdatingRemovingproduct.TestSenario10()'><b>TestSenario10</b><br>Test class: AmztestCASES.AZTC_10UpdatingRemovingproduct<br/>
<a href="#Output-1089691218" onClick='toggleBox("Output-1089691218", this, "Show output", "Hide output");'>Show output</a>

<a href="#Output-1089691218" onClick="toggleAllBoxes();">Show all outputs</a>
<div class='log' id="Output-1089691218">
TestCASE is Passed<br/>
</div>
</td>
<td></td>
<td>9</td>
<td>AmztestCASES.AZTC_10UpdatingRemovingproduct@71ba6d4e</td></tr>
<tr>
<td title='AmztestCASES.AZTC_15ReachCart.ReachCart()'><b>ReachCart</b><br>Test class: AmztestCASES.AZTC_15ReachCart<br/>
<a href="#Output-1764622989" onClick='toggleBox("Output-1764622989", this, "Show output", "Hide output");'>Show output</a>

<a href="#Output-1764622989" onClick="toggleAllBoxes();">Show all outputs</a>
<div class='log' id="Output-1764622989">
TestCASE is Passed<br/>
</div>
</td>
<td></td>
<td>9</td>
<td>AmztestCASES.AZTC_15ReachCart@368247b9</td></tr>
<tr>
<td title='AmztestCASES.AZTC_11ValidateCheckoutProcesss.Validate()'><b>Validate</b><br>Test class: AmztestCASES.AZTC_11ValidateCheckoutProcesss<br/>
<a href="#Output-213383793" onClick='toggleBox("Output-213383793", this, "Show output", "Hide output");'>Show output</a>

<a href="#Output-213383793" onClick="toggleAllBoxes();">Show all outputs</a>
<div class='log' id="Output-213383793">
TestCASE is Passed<br/>
</div>
</td>
<td></td>
<td>17</td>
<td>AmztestCASES.AZTC_11ValidateCheckoutProcesss@1a6d8329</td></tr>
<tr>
<td title='AmztestCASES.AZTC_07ProductDetailsValidatation.PDetails()'><b>PDetails</b><br>Test class: AmztestCASES.AZTC_07ProductDetailsValidatation<br/>
<a href="#Output-1514723919" onClick='toggleBox("Output-1514723919", this, "Show output", "Hide output");'>Show output</a>

<a href="#Output-1514723919" onClick="toggleAllBoxes();">Show all outputs</a>
<div class='log' id="Output-1514723919">
TestCASE is Passed<br/>
</div>
</td>
<td></td>
<td>10</td>
<td>AmztestCASES.AZTC_07ProductDetailsValidatation@2892d68</td></tr>
<tr>
<td title='AmztestCASES.AZTC_02LoginCorrectCredientials.test1()'><b>test1</b><br>Test class: AmztestCASES.AZTC_02LoginCorrectCredientials<br/>
<a href="#Output-1302459274" onClick='toggleBox("Output-1302459274", this, "Show output", "Hide output");'>Show output</a>

<a href="#Output-1302459274" onClick="toggleAllBoxes();">Show all outputs</a>
<div class='log' id="Output-1302459274">
TestCASE is Passed<br/>
</div>
</td>
<td></td>
<td>25</td>
<td>AmztestCASES.AZTC_02LoginCorrectCredientials@63376bed</td></tr>
<tr>
<td title='AmztestCASES.AZTC_08ProductSorting.sort()'><b>sort</b><br>Test class: AmztestCASES.AZTC_08ProductSorting<br/>
<a href="#Output-493519750" onClick='toggleBox("Output-493519750", this, "Show output", "Hide output");'>Show output</a>

<a href="#Output-493519750" onClick="toggleAllBoxes();">Show all outputs</a>
<div class='log' id="Output-493519750">
TestCASE is Passed<br/>
</div>
</td>
<td></td>
<td>17</td>
<td>AmztestCASES.AZTC_08ProductSorting@d86a6f</td></tr>
<tr>
<td title='AmztestCASES.AZTC_06SelectProduct.SelectProduct()'><b>SelectProduct</b><br>Test class: AmztestCASES.AZTC_06SelectProduct<br/>
<a href="#Output-1883144272" onClick='toggleBox("Output-1883144272", this, "Show output", "Hide output");'>Show output</a>

<a href="#Output-1883144272" onClick="toggleAllBoxes();">Show all outputs</a>
<div class='log' id="Output-1883144272">
TestCASE is Passed<br/>
</div>
</td>
<td></td>
<td>11</td>
<td>AmztestCASES.AZTC_06SelectProduct@5ab956d7</td></tr>
<tr>
<td title='AmztestCASES.AZTC_06SearchFilterCategory.Scategory()'><b>Scategory</b><br>Test class: AmztestCASES.AZTC_06SearchFilterCategory<br/>
<a href="#Output-340097685" onClick='toggleBox("Output-340097685", this, "Show output", "Hide output");'>Show output</a>

<a href="#Output-340097685" onClick="toggleAllBoxes();">Show all outputs</a>
<div class='log' id="Output-340097685">
TestCASE is Passed<br/>
</div>
</td>
<td></td>
<td>18</td>
<td>AmztestCASES.AZTC_06SearchFilterCategory@3646a422</td></tr>
<tr>
<td title='AmztestCASES.AZTC_12PaymentPage.payment()'><b>payment</b><br>Test class: AmztestCASES.AZTC_12PaymentPage<br/>
<a href="#Output-1583082378" onClick='toggleBox("Output-1583082378", this, "Show output", "Hide output");'>Show output</a>

<a href="#Output-1583082378" onClick="toggleAllBoxes();">Show all outputs</a>
<div class='log' id="Output-1583082378">
TestCASE is Passed<br/>
</div>
</td>
<td></td>
<td>61</td>
<td>AmztestCASES.AZTC_12PaymentPage@3c77d488</td></tr>
<tr>
<td title='AmztestCASES.AZTC_09ProductAddingCart.Productpage()'><b>Productpage</b><br>Test class: AmztestCASES.AZTC_09ProductAddingCart<br/>
<a href="#Output-2077845538" onClick='toggleBox("Output-2077845538", this, "Show output", "Hide output");'>Show output</a>

<a href="#Output-2077845538" onClick="toggleAllBoxes();">Show all outputs</a>
<div class='log' id="Output-2077845538">
TestCASE is Passed<br/>
</div>
</td>
<td></td>
<td>7</td>
<td>AmztestCASES.AZTC_09ProductAddingCart@738dc9b</td></tr>
<tr>
<td title='AmztestCASES.AZTC_01NewRegistration.testacase02()'><b>testacase02</b><br>Test class: AmztestCASES.AZTC_01NewRegistration<br/>
<a href="#Output-409832049" onClick='toggleBox("Output-409832049", this, "Show output", "Hide output");'>Show output</a>

<a href="#Output-409832049" onClick="toggleAllBoxes();">Show all outputs</a>
<div class='log' id="Output-409832049">
TestCASE is Passed<br/>
</div>
</td>
<td></td>
<td>15</td>
<td>AmztestCASES.AZTC_01NewRegistration@4145bad8</td></tr>
</table><p>
</body>
</html>