<?xml version="1.0" encoding="UTF-8"?>
<testng-results ignored="0" total="15" passed="12" failed="3" skipped="0">
  <reporter-output>
    <line>
      <![CDATA[TestCASE is Failed]]>
    </line>
    <line>
      <![CDATA[TestCASE is Passed]]>
    </line>
    <line>
      <![CDATA[TestCASE is Passed]]>
    </line>
    <line>
      <![CDATA[TestCASE is Failed]]>
    </line>
    <line>
      <![CDATA[TestCASE is Passed]]>
    </line>
    <line>
      <![CDATA[TestCASE is Passed]]>
    </line>
    <line>
      <![CDATA[TestCASE is Passed]]>
    </line>
    <line>
      <![CDATA[TestCASE is Passed]]>
    </line>
    <line>
      <![CDATA[TestCASE is Passed]]>
    </line>
    <line>
      <![CDATA[TestCASE is Passed]]>
    </line>
    <line>
      <![CDATA[TestCASE is Passed]]>
    </line>
    <line>
      <![CDATA[TestCASE is Passed]]>
    </line>
    <line>
      <![CDATA[TestCASE is Passed]]>
    </line>
    <line>
      <![CDATA[TestCASE is Passed]]>
    </line>
    <line>
      <![CDATA[TestCASE is Failed]]>
    </line>
  </reporter-output>
  <suite started-at="2024-09-18T10:28:07 IST" name="Suite" finished-at="2024-09-18T10:35:58 IST" duration-ms="470388">
    <groups>
    </groups>
    <test started-at="2024-09-18T10:28:07 IST" name="Test" finished-at="2024-09-18T10:35:58 IST" duration-ms="470388">
      <class name="AmztestCASES.AZTC_07ProductDetailsValidatation">
        <test-method is-config="true" signature="AmzLaunch()[pri:0, instance:AmztestCASES.AZTC_07ProductDetailsValidatation@2892d68]" started-at="2024-09-18T10:33:53 IST" name="AmzLaunch" finished-at="2024-09-18T10:33:57 IST" duration-ms="3972" status="PASS">
          <reporter-output>
          </reporter-output>
        </test-method> <!-- AmzLaunch -->
        <test-method signature="PDetails()[pri:0, instance:AmztestCASES.AZTC_07ProductDetailsValidatation@2892d68]" started-at="2024-09-18T10:33:57 IST" name="PDetails" finished-at="2024-09-18T10:34:08 IST" duration-ms="10391" status="PASS">
          <reporter-output>
            <line>
              <![CDATA[TestCASE is Passed]]>
            </line>
          </reporter-output>
        </test-method> <!-- PDetails -->
        <test-method is-config="true" signature="AmzQuit()[pri:0, instance:AmztestCASES.AZTC_07ProductDetailsValidatation@2892d68]" started-at="2024-09-18T10:34:08 IST" name="AmzQuit" finished-at="2024-09-18T10:34:08 IST" duration-ms="538" status="PASS">
          <reporter-output>
          </reporter-output>
        </test-method> <!-- AmzQuit -->
      </class> <!-- AmztestCASES.AZTC_07ProductDetailsValidatation -->
      <class name="AmztestCASES.AZTC_01NewRegistration">
        <test-method is-config="true" signature="AmzLaunch()[pri:0, instance:AmztestCASES.AZTC_01NewRegistration@4145bad8]" started-at="2024-09-18T10:33:08 IST" name="AmzLaunch" finished-at="2024-09-18T10:33:12 IST" duration-ms="3998" status="PASS">
          <reporter-output>
          </reporter-output>
        </test-method> <!-- AmzLaunch -->
        <test-method signature="testacase02()[pri:0, instance:AmztestCASES.AZTC_01NewRegistration@4145bad8]" started-at="2024-09-18T10:33:12 IST" name="testacase02" finished-at="2024-09-18T10:33:27 IST" duration-ms="15314" status="PASS">
          <reporter-output>
            <line>
              <![CDATA[TestCASE is Passed]]>
            </line>
          </reporter-output>
        </test-method> <!-- testacase02 -->
        <test-method is-config="true" signature="AmzQuit()[pri:0, instance:AmztestCASES.AZTC_01NewRegistration@4145bad8]" started-at="2024-09-18T10:33:27 IST" name="AmzQuit" finished-at="2024-09-18T10:33:27 IST" duration-ms="371" status="PASS">
          <reporter-output>
          </reporter-output>
        </test-method> <!-- AmzQuit -->
      </class> <!-- AmztestCASES.AZTC_01NewRegistration -->
      <class name="AmztestCASES.AZTC_03LoginWrongCredientials">
        <test-method is-config="true" signature="AmzLaunch()[pri:0, instance:AmztestCASES.AZTC_03LoginWrongCredientials@1a942c18]" started-at="2024-09-18T10:29:50 IST" name="AmzLaunch" finished-at="2024-09-18T10:29:57 IST" duration-ms="6828" status="PASS">
          <reporter-output>
          </reporter-output>
        </test-method> <!-- AmzLaunch -->
        <test-method signature="test1()[pri:0, instance:AmztestCASES.AZTC_03LoginWrongCredientials@1a942c18]" started-at="2024-09-18T10:29:57 IST" name="test1" finished-at="2024-09-18T10:30:18 IST" duration-ms="21126" status="FAIL">
          <exception class="org.junit.ComparisonFailure">
            <message>
              <![CDATA[expected:<[Authentication required]> but was:<[Online Shopping site in India: Shop Online for Mobiles, Books, Watches, Shoes and More - Amazon.in]>]]>
            </message>
            <full-stacktrace>
              <![CDATA[org.junit.ComparisonFailure: expected:<[Authentication required]> but was:<[Online Shopping site in India: Shop Online for Mobiles, Books, Watches, Shoes and More - Amazon.in]>
at org.junit.Assert.assertEquals(Assert.java:115)
at org.junit.Assert.assertEquals(Assert.java:144)
at AmztestCASES.AZTC_03LoginWrongCredientials.test1(AZTC_03LoginWrongCredientials.java:39)
at java.base/jdk.internal.reflect.NativeMethodAccessorImpl.invoke0(Native Method)
at java.base/jdk.internal.reflect.NativeMethodAccessorImpl.invoke(NativeMethodAccessorImpl.java:77)
at java.base/jdk.internal.reflect.DelegatingMethodAccessorImpl.invoke(DelegatingMethodAccessorImpl.java:43)
at java.base/java.lang.reflect.Method.invoke(Method.java:568)
at org.testng.internal.invokers.MethodInvocationHelper.invokeMethod(MethodInvocationHelper.java:141)
at org.testng.internal.invokers.TestInvoker.invokeMethod(TestInvoker.java:686)
at org.testng.internal.invokers.TestInvoker.invokeTestMethod(TestInvoker.java:230)
at org.testng.internal.invokers.MethodRunner.runInSequence(MethodRunner.java:63)
at org.testng.internal.invokers.TestInvoker$MethodInvocationAgent.invoke(TestInvoker.java:992)
at org.testng.internal.invokers.TestInvoker.invokeTestMethods(TestInvoker.java:203)
at org.testng.internal.invokers.TestMethodWorker.invokeTestMethods(TestMethodWorker.java:154)
at org.testng.internal.invokers.TestMethodWorker.run(TestMethodWorker.java:134)
at java.base/java.util.ArrayList.forEach(ArrayList.java:1511)
at org.testng.TestRunner.privateRun(TestRunner.java:739)
at org.testng.TestRunner.run(TestRunner.java:614)
at org.testng.SuiteRunner.runTest(SuiteRunner.java:421)
at org.testng.SuiteRunner.runSequentially(SuiteRunner.java:413)
at org.testng.SuiteRunner.privateRun(SuiteRunner.java:373)
at org.testng.SuiteRunner.run(SuiteRunner.java:312)
at org.testng.SuiteRunnerWorker.runSuite(SuiteRunnerWorker.java:52)
at org.testng.SuiteRunnerWorker.run(SuiteRunnerWorker.java:95)
at org.testng.TestNG.runSuitesSequentially(TestNG.java:1274)
at org.testng.TestNG.runSuitesLocally(TestNG.java:1208)
at org.testng.TestNG.runSuites(TestNG.java:1112)
at org.testng.TestNG.run(TestNG.java:1079)
at org.apache.maven.surefire.testng.TestNGExecutor.run(TestNGExecutor.java:324)
at org.apache.maven.surefire.testng.TestNGXmlTestSuite.execute(TestNGXmlTestSuite.java:74)
at org.apache.maven.surefire.testng.TestNGProvider.invoke(TestNGProvider.java:123)
at org.apache.maven.surefire.booter.ForkedBooter.runSuitesInProcess(ForkedBooter.java:456)
at org.apache.maven.surefire.booter.ForkedBooter.execute(ForkedBooter.java:169)
at org.apache.maven.surefire.booter.ForkedBooter.run(ForkedBooter.java:595)
at org.apache.maven.surefire.booter.ForkedBooter.main(ForkedBooter.java:581)
]]>
            </full-stacktrace>
          </exception> <!-- org.junit.ComparisonFailure -->
          <reporter-output>
            <line>
              <![CDATA[TestCASE is Failed]]>
            </line>
          </reporter-output>
        </test-method> <!-- test1 -->
        <test-method is-config="true" signature="AmzQuit()[pri:0, instance:AmztestCASES.AZTC_03LoginWrongCredientials@1a942c18]" started-at="2024-09-18T10:30:18 IST" name="AmzQuit" finished-at="2024-09-18T10:30:18 IST" duration-ms="243" status="PASS">
          <reporter-output>
          </reporter-output>
        </test-method> <!-- AmzQuit -->
      </class> <!-- AmztestCASES.AZTC_03LoginWrongCredientials -->
      <class name="AmztestCASES.AZTC_08ProductSorting">
        <test-method is-config="true" signature="AmzLaunch()[pri:0, instance:AmztestCASES.AZTC_08ProductSorting@d86a6f]" started-at="2024-09-18T10:33:27 IST" name="AmzLaunch" finished-at="2024-09-18T10:33:36 IST" duration-ms="8170" status="PASS">
          <reporter-output>
          </reporter-output>
        </test-method> <!-- AmzLaunch -->
        <test-method signature="sort()[pri:0, instance:AmztestCASES.AZTC_08ProductSorting@d86a6f]" started-at="2024-09-18T10:33:36 IST" name="sort" finished-at="2024-09-18T10:33:53 IST" duration-ms="17360" status="PASS">
          <reporter-output>
            <line>
              <![CDATA[TestCASE is Passed]]>
            </line>
          </reporter-output>
        </test-method> <!-- sort -->
        <test-method is-config="true" signature="AmzQuit()[pri:0, instance:AmztestCASES.AZTC_08ProductSorting@d86a6f]" started-at="2024-09-18T10:33:53 IST" name="AmzQuit" finished-at="2024-09-18T10:33:53 IST" duration-ms="344" status="PASS">
          <reporter-output>
          </reporter-output>
        </test-method> <!-- AmzQuit -->
      </class> <!-- AmztestCASES.AZTC_08ProductSorting -->
      <class name="AmztestCASES.AZTC_12PaymentPage">
        <test-method is-config="true" signature="AmzLaunch()[pri:0, instance:AmztestCASES.AZTC_12PaymentPage@3c77d488]" started-at="2024-09-18T10:31:24 IST" name="AmzLaunch" finished-at="2024-09-18T10:31:30 IST" duration-ms="6489" status="PASS">
          <reporter-output>
          </reporter-output>
        </test-method> <!-- AmzLaunch -->
        <test-method signature="payment()[pri:0, instance:AmztestCASES.AZTC_12PaymentPage@3c77d488]" started-at="2024-09-18T10:31:30 IST" name="payment" finished-at="2024-09-18T10:32:32 IST" duration-ms="61809" status="PASS">
          <reporter-output>
            <line>
              <![CDATA[TestCASE is Passed]]>
            </line>
          </reporter-output>
        </test-method> <!-- payment -->
        <test-method is-config="true" signature="AmzQuit()[pri:0, instance:AmztestCASES.AZTC_12PaymentPage@3c77d488]" started-at="2024-09-18T10:32:32 IST" name="AmzQuit" finished-at="2024-09-18T10:32:32 IST" duration-ms="301" status="PASS">
          <reporter-output>
          </reporter-output>
        </test-method> <!-- AmzQuit -->
      </class> <!-- AmztestCASES.AZTC_12PaymentPage -->
      <class name="AmztestCASES.AZTC_09ProductAddingCart">
        <test-method is-config="true" signature="AmzLaunch()[pri:0, instance:AmztestCASES.AZTC_09ProductAddingCart@738dc9b]" started-at="2024-09-18T10:31:08 IST" name="AmzLaunch" finished-at="2024-09-18T10:31:16 IST" duration-ms="7609" status="PASS">
          <reporter-output>
          </reporter-output>
        </test-method> <!-- AmzLaunch -->
        <test-method signature="Productpage()[pri:0, instance:AmztestCASES.AZTC_09ProductAddingCart@738dc9b]" started-at="2024-09-18T10:31:16 IST" name="Productpage" finished-at="2024-09-18T10:31:23 IST" duration-ms="7014" status="PASS">
          <reporter-output>
            <line>
              <![CDATA[TestCASE is Passed]]>
            </line>
          </reporter-output>
        </test-method> <!-- Productpage -->
        <test-method is-config="true" signature="AmzQuit()[pri:0, instance:AmztestCASES.AZTC_09ProductAddingCart@738dc9b]" started-at="2024-09-18T10:31:23 IST" name="AmzQuit" finished-at="2024-09-18T10:31:24 IST" duration-ms="521" status="PASS">
          <reporter-output>
          </reporter-output>
        </test-method> <!-- AmzQuit -->
      </class> <!-- AmztestCASES.AZTC_09ProductAddingCart -->
      <class name="AmztestCASES.AZTC_06SearchFilterCategory">
        <test-method is-config="true" signature="AmzLaunch()[pri:0, instance:AmztestCASES.AZTC_06SearchFilterCategory@3646a422]" started-at="2024-09-18T10:34:27 IST" name="AmzLaunch" finished-at="2024-09-18T10:34:35 IST" duration-ms="7085" status="PASS">
          <reporter-output>
          </reporter-output>
        </test-method> <!-- AmzLaunch -->
        <test-method signature="Scategory()[pri:0, instance:AmztestCASES.AZTC_06SearchFilterCategory@3646a422]" started-at="2024-09-18T10:34:35 IST" name="Scategory" finished-at="2024-09-18T10:34:53 IST" duration-ms="18201" status="PASS">
          <reporter-output>
            <line>
              <![CDATA[TestCASE is Passed]]>
            </line>
          </reporter-output>
        </test-method> <!-- Scategory -->
        <test-method is-config="true" signature="AmzQuit()[pri:0, instance:AmztestCASES.AZTC_06SearchFilterCategory@3646a422]" started-at="2024-09-18T10:34:53 IST" name="AmzQuit" finished-at="2024-09-18T10:34:53 IST" duration-ms="232" status="PASS">
          <reporter-output>
          </reporter-output>
        </test-method> <!-- AmzQuit -->
      </class> <!-- AmztestCASES.AZTC_06SearchFilterCategory -->
      <class name="AmztestCASES.AZTC_06SelectProduct">
        <test-method is-config="true" signature="AmzLaunch()[pri:0, instance:AmztestCASES.AZTC_06SelectProduct@5ab956d7]" started-at="2024-09-18T10:34:08 IST" name="AmzLaunch" finished-at="2024-09-18T10:34:15 IST" duration-ms="7215" status="PASS">
          <reporter-output>
          </reporter-output>
        </test-method> <!-- AmzLaunch -->
        <test-method signature="SelectProduct()[pri:0, instance:AmztestCASES.AZTC_06SelectProduct@5ab956d7]" started-at="2024-09-18T10:34:15 IST" name="SelectProduct" finished-at="2024-09-18T10:34:27 IST" duration-ms="11570" status="PASS">
          <reporter-output>
            <line>
              <![CDATA[TestCASE is Passed]]>
            </line>
          </reporter-output>
        </test-method> <!-- SelectProduct -->
        <test-method is-config="true" signature="AmzQuit()[pri:0, instance:AmztestCASES.AZTC_06SelectProduct@5ab956d7]" started-at="2024-09-18T10:34:27 IST" name="AmzQuit" finished-at="2024-09-18T10:34:27 IST" duration-ms="387" status="PASS">
          <reporter-output>
          </reporter-output>
        </test-method> <!-- AmzQuit -->
      </class> <!-- AmztestCASES.AZTC_06SelectProduct -->
      <class name="AmztestCASES.AZTC_04Profilemanage">
        <test-method is-config="true" signature="AmzLaunch()[pri:0, instance:AmztestCASES.AZTC_04Profilemanage@750e2b97]" started-at="2024-09-18T10:34:53 IST" name="AmzLaunch" finished-at="2024-09-18T10:34:57 IST" duration-ms="4446" status="PASS">
          <reporter-output>
          </reporter-output>
        </test-method> <!-- AmzLaunch -->
        <test-method signature="Profile()[pri:0, instance:AmztestCASES.AZTC_04Profilemanage@750e2b97]" started-at="2024-09-18T10:34:57 IST" name="Profile" finished-at="2024-09-18T10:35:57 IST" duration-ms="59946" status="FAIL">
          <exception class="org.openqa.selenium.NoSuchElementException">
            <message>
              <![CDATA[no such element: Unable to locate element: {"method":"link text","selector":"//a[@href='/slc/hub?disablePicker=1&shoppingAs=1&ref=sl_ph_navpicker']"}
  (Session info: chrome=128.0.6613.138)
For documentation on this error, please visit: https://www.selenium.dev/documentation/webdriver/troubleshooting/errors#no-such-element-exception
Build info: version: '4.23.1', revision: '656257d8e9'
System info: os.name: 'Windows 11', os.arch: 'amd64', os.version: '10.0', java.version: '17.0.11'
Driver info: org.openqa.selenium.chrome.ChromeDriver
Command: [9438cbd2262e25605e69e6a881b12696, findElement {value=//a[@href='/slc/hub?disablePicker=1&shoppingAs=1&ref=sl_ph_navpicker'], using=link text}]
Capabilities {acceptInsecureCerts: false, browserName: chrome, browserVersion: 128.0.6613.138, chrome: {chromedriverVersion: 128.0.6613.137 (fe621c5aa2d..., userDataDir: C:\Users\USER\AppData\Local...}, fedcm:accounts: true, goog:chromeOptions: {debuggerAddress: localhost:61264}, networkConnectionEnabled: false, pageLoadStrategy: normal, platformName: windows, proxy: Proxy(), se:cdp: ws://localhost:61264/devtoo..., se:cdpVersion: 128.0.6613.138, setWindowRect: true, strictFileInteractability: false, timeouts: {implicit: 0, pageLoad: 300000, script: 30000}, unhandledPromptBehavior: dismiss and notify, webauthn:extension:credBlob: true, webauthn:extension:largeBlob: true, webauthn:extension:minPinLength: true, webauthn:extension:prf: true, webauthn:virtualAuthenticators: true}
Session ID: 9438cbd2262e25605e69e6a881b12696]]>
            </message>
            <full-stacktrace>
              <![CDATA[org.openqa.selenium.NoSuchElementException: no such element: Unable to locate element: {"method":"link text","selector":"//a[@href='/slc/hub?disablePicker=1&shoppingAs=1&ref=sl_ph_navpicker']"}
  (Session info: chrome=128.0.6613.138)
For documentation on this error, please visit: https://www.selenium.dev/documentation/webdriver/troubleshooting/errors#no-such-element-exception
Build info: version: '4.23.1', revision: '656257d8e9'
System info: os.name: 'Windows 11', os.arch: 'amd64', os.version: '10.0', java.version: '17.0.11'
Driver info: org.openqa.selenium.chrome.ChromeDriver
Command: [9438cbd2262e25605e69e6a881b12696, findElement {value=//a[@href='/slc/hub?disablePicker=1&shoppingAs=1&ref=sl_ph_navpicker'], using=link text}]
Capabilities {acceptInsecureCerts: false, browserName: chrome, browserVersion: 128.0.6613.138, chrome: {chromedriverVersion: 128.0.6613.137 (fe621c5aa2d..., userDataDir: C:\Users\USER\AppData\Local...}, fedcm:accounts: true, goog:chromeOptions: {debuggerAddress: localhost:61264}, networkConnectionEnabled: false, pageLoadStrategy: normal, platformName: windows, proxy: Proxy(), se:cdp: ws://localhost:61264/devtoo..., se:cdpVersion: 128.0.6613.138, setWindowRect: true, strictFileInteractability: false, timeouts: {implicit: 0, pageLoad: 300000, script: 30000}, unhandledPromptBehavior: dismiss and notify, webauthn:extension:credBlob: true, webauthn:extension:largeBlob: true, webauthn:extension:minPinLength: true, webauthn:extension:prf: true, webauthn:virtualAuthenticators: true}
Session ID: 9438cbd2262e25605e69e6a881b12696
at java.base/jdk.internal.reflect.NativeConstructorAccessorImpl.newInstance0(Native Method)
at java.base/jdk.internal.reflect.NativeConstructorAccessorImpl.newInstance(NativeConstructorAccessorImpl.java:77)
at java.base/jdk.internal.reflect.DelegatingConstructorAccessorImpl.newInstance(DelegatingConstructorAccessorImpl.java:45)
at java.base/java.lang.reflect.Constructor.newInstanceWithCaller(Constructor.java:499)
at java.base/java.lang.reflect.Constructor.newInstance(Constructor.java:480)
at org.openqa.selenium.remote.ErrorCodec.decode(ErrorCodec.java:167)
at org.openqa.selenium.remote.codec.w3c.W3CHttpResponseCodec.decode(W3CHttpResponseCodec.java:138)
at org.openqa.selenium.remote.codec.w3c.W3CHttpResponseCodec.decode(W3CHttpResponseCodec.java:50)
at org.openqa.selenium.remote.HttpCommandExecutor.execute(HttpCommandExecutor.java:190)
at org.openqa.selenium.remote.service.DriverCommandExecutor.invokeExecute(DriverCommandExecutor.java:216)
at org.openqa.selenium.remote.service.DriverCommandExecutor.execute(DriverCommandExecutor.java:174)
at org.openqa.selenium.remote.RemoteWebDriver.execute(RemoteWebDriver.java:545)
at org.openqa.selenium.remote.ElementLocation$ElementFinder$2.findElement(ElementLocation.java:165)
at org.openqa.selenium.remote.ElementLocation.findElement(ElementLocation.java:59)
at org.openqa.selenium.remote.RemoteWebDriver.findElement(RemoteWebDriver.java:368)
at org.openqa.selenium.remote.RemoteWebDriver.findElement(RemoteWebDriver.java:362)
at org.openqa.selenium.support.pagefactory.DefaultElementLocator.findElement(DefaultElementLocator.java:68)
at org.openqa.selenium.support.pagefactory.internal.LocatingElementHandler.invoke(LocatingElementHandler.java:38)
at jdk.proxy2/jdk.proxy2.$Proxy11.click(Unknown Source)
at AmzSourceFiles.AZ_ManageProfile.Pview(AZ_ManageProfile.java:36)
at AmztestCASES.AZTC_04Profilemanage.Profile(AZTC_04Profilemanage.java:42)
at java.base/jdk.internal.reflect.NativeMethodAccessorImpl.invoke0(Native Method)
at java.base/jdk.internal.reflect.NativeMethodAccessorImpl.invoke(NativeMethodAccessorImpl.java:77)
at java.base/jdk.internal.reflect.DelegatingMethodAccessorImpl.invoke(DelegatingMethodAccessorImpl.java:43)
at java.base/java.lang.reflect.Method.invoke(Method.java:568)
at org.testng.internal.invokers.MethodInvocationHelper.invokeMethod(MethodInvocationHelper.java:141)
at org.testng.internal.invokers.TestInvoker.invokeMethod(TestInvoker.java:686)
at org.testng.internal.invokers.TestInvoker.invokeTestMethod(TestInvoker.java:230)
at org.testng.internal.invokers.MethodRunner.runInSequence(MethodRunner.java:63)
at org.testng.internal.invokers.TestInvoker$MethodInvocationAgent.invoke(TestInvoker.java:992)
at org.testng.internal.invokers.TestInvoker.invokeTestMethods(TestInvoker.java:203)
at org.testng.internal.invokers.TestMethodWorker.invokeTestMethods(TestMethodWorker.java:154)
at org.testng.internal.invokers.TestMethodWorker.run(TestMethodWorker.java:134)
at java.base/java.util.ArrayList.forEach(ArrayList.java:1511)
at org.testng.TestRunner.privateRun(TestRunner.java:739)
at org.testng.TestRunner.run(TestRunner.java:614)
at org.testng.SuiteRunner.runTest(SuiteRunner.java:421)
at org.testng.SuiteRunner.runSequentially(SuiteRunner.java:413)
at org.testng.SuiteRunner.privateRun(SuiteRunner.java:373)
at org.testng.SuiteRunner.run(SuiteRunner.java:312)
at org.testng.SuiteRunnerWorker.runSuite(SuiteRunnerWorker.java:52)
at org.testng.SuiteRunnerWorker.run(SuiteRunnerWorker.java:95)
at org.testng.TestNG.runSuitesSequentially(TestNG.java:1274)
at org.testng.TestNG.runSuitesLocally(TestNG.java:1208)
at org.testng.TestNG.runSuites(TestNG.java:1112)
at org.testng.TestNG.run(TestNG.java:1079)
at org.apache.maven.surefire.testng.TestNGExecutor.run(TestNGExecutor.java:324)
at org.apache.maven.surefire.testng.TestNGXmlTestSuite.execute(TestNGXmlTestSuite.java:74)
at org.apache.maven.surefire.testng.TestNGProvider.invoke(TestNGProvider.java:123)
at org.apache.maven.surefire.booter.ForkedBooter.runSuitesInProcess(ForkedBooter.java:456)
at org.apache.maven.surefire.booter.ForkedBooter.execute(ForkedBooter.java:169)
at org.apache.maven.surefire.booter.ForkedBooter.run(ForkedBooter.java:595)
at org.apache.maven.surefire.booter.ForkedBooter.main(ForkedBooter.java:581)
]]>
            </full-stacktrace>
          </exception> <!-- org.openqa.selenium.NoSuchElementException -->
          <reporter-output>
            <line>
              <![CDATA[TestCASE is Failed]]>
            </line>
          </reporter-output>
        </test-method> <!-- Profile -->
        <test-method is-config="true" signature="AmzQuit()[pri:0, instance:AmztestCASES.AZTC_04Profilemanage@750e2b97]" started-at="2024-09-18T10:35:57 IST" name="AmzQuit" finished-at="2024-09-18T10:35:58 IST" duration-ms="373" status="PASS">
          <reporter-output>
          </reporter-output>
        </test-method> <!-- AmzQuit -->
      </class> <!-- AmztestCASES.AZTC_04Profilemanage -->
      <class name="AmztestCASES.AZTC_05SearchProduct">
        <test-method is-config="true" signature="AmzLaunch()[pri:0, instance:AmztestCASES.AZTC_05SearchProduct@55a147cc]" started-at="2024-09-18T10:30:18 IST" name="AmzLaunch" finished-at="2024-09-18T10:30:24 IST" duration-ms="5681" status="PASS">
          <reporter-output>
          </reporter-output>
        </test-method> <!-- AmzLaunch -->
        <test-method signature="search()[pri:0, instance:AmztestCASES.AZTC_05SearchProduct@55a147cc]" started-at="2024-09-18T10:30:24 IST" name="search" finished-at="2024-09-18T10:30:51 IST" duration-ms="27498" status="PASS">
          <reporter-output>
            <line>
              <![CDATA[TestCASE is Passed]]>
            </line>
          </reporter-output>
        </test-method> <!-- search -->
        <test-method is-config="true" signature="AmzQuit()[pri:0, instance:AmztestCASES.AZTC_05SearchProduct@55a147cc]" started-at="2024-09-18T10:30:51 IST" name="AmzQuit" finished-at="2024-09-18T10:30:52 IST" duration-ms="362" status="PASS">
          <reporter-output>
          </reporter-output>
        </test-method> <!-- AmzQuit -->
      </class> <!-- AmztestCASES.AZTC_05SearchProduct -->
      <class name="AmztestCASES.AZTC_11ValidateCheckoutProcesss">
        <test-method is-config="true" signature="AmzLaunch()[pri:0, instance:AmztestCASES.AZTC_11ValidateCheckoutProcesss@1a6d8329]" started-at="2024-09-18T10:29:24 IST" name="AmzLaunch" finished-at="2024-09-18T10:29:32 IST" duration-ms="7716" status="PASS">
          <reporter-output>
          </reporter-output>
        </test-method> <!-- AmzLaunch -->
        <test-method signature="Validate()[pri:0, instance:AmztestCASES.AZTC_11ValidateCheckoutProcesss@1a6d8329]" started-at="2024-09-18T10:29:32 IST" name="Validate" finished-at="2024-09-18T10:29:49 IST" duration-ms="17258" status="PASS">
          <reporter-output>
            <line>
              <![CDATA[TestCASE is Passed]]>
            </line>
          </reporter-output>
        </test-method> <!-- Validate -->
        <test-method is-config="true" signature="AmzQuit()[pri:0, instance:AmztestCASES.AZTC_11ValidateCheckoutProcesss@1a6d8329]" started-at="2024-09-18T10:29:49 IST" name="AmzQuit" finished-at="2024-09-18T10:29:50 IST" duration-ms="593" status="PASS">
          <reporter-output>
          </reporter-output>
        </test-method> <!-- AmzQuit -->
      </class> <!-- AmztestCASES.AZTC_11ValidateCheckoutProcesss -->
      <class name="AmztestCASES.AZTC_14RatingPage">
        <test-method is-config="true" signature="AmzLaunch()[pri:0, instance:AmztestCASES.AZTC_14RatingPage@428640fa]" started-at="2024-09-18T10:28:07 IST" name="AmzLaunch" finished-at="2024-09-18T10:28:13 IST" duration-ms="5154" status="PASS">
          <reporter-output>
          </reporter-output>
        </test-method> <!-- AmzLaunch -->
        <test-method signature="ratingpage()[pri:0, instance:AmztestCASES.AZTC_14RatingPage@428640fa]" started-at="2024-09-18T10:28:13 IST" name="ratingpage" finished-at="2024-09-18T10:29:05 IST" duration-ms="52727" status="FAIL">
          <exception class="org.openqa.selenium.NoSuchElementException">
            <message>
              <![CDATA[no such element: Unable to locate element: {"method":"xpath","selector":"(//a[@id='Leave-seller-feedback_2'])[1]"}
  (Session info: chrome=128.0.6613.138)
For documentation on this error, please visit: https://www.selenium.dev/documentation/webdriver/troubleshooting/errors#no-such-element-exception
Build info: version: '4.23.1', revision: '656257d8e9'
System info: os.name: 'Windows 11', os.arch: 'amd64', os.version: '10.0', java.version: '17.0.11'
Driver info: org.openqa.selenium.chrome.ChromeDriver
Command: [fd31d3e14d4daae7e1b529477ccd4fd1, findElement {value=(//a[@id='Leave-seller-feedback_2'])[1], using=xpath}]
Capabilities {acceptInsecureCerts: false, browserName: chrome, browserVersion: 128.0.6613.138, chrome: {chromedriverVersion: 128.0.6613.137 (fe621c5aa2d..., userDataDir: C:\Users\USER\AppData\Local...}, fedcm:accounts: true, goog:chromeOptions: {debuggerAddress: localhost:59452}, networkConnectionEnabled: false, pageLoadStrategy: normal, platformName: windows, proxy: Proxy(), se:cdp: ws://localhost:59452/devtoo..., se:cdpVersion: 128.0.6613.138, setWindowRect: true, strictFileInteractability: false, timeouts: {implicit: 0, pageLoad: 300000, script: 30000}, unhandledPromptBehavior: dismiss and notify, webauthn:extension:credBlob: true, webauthn:extension:largeBlob: true, webauthn:extension:minPinLength: true, webauthn:extension:prf: true, webauthn:virtualAuthenticators: true}
Session ID: fd31d3e14d4daae7e1b529477ccd4fd1]]>
            </message>
            <full-stacktrace>
              <![CDATA[org.openqa.selenium.NoSuchElementException: no such element: Unable to locate element: {"method":"xpath","selector":"(//a[@id='Leave-seller-feedback_2'])[1]"}
  (Session info: chrome=128.0.6613.138)
For documentation on this error, please visit: https://www.selenium.dev/documentation/webdriver/troubleshooting/errors#no-such-element-exception
Build info: version: '4.23.1', revision: '656257d8e9'
System info: os.name: 'Windows 11', os.arch: 'amd64', os.version: '10.0', java.version: '17.0.11'
Driver info: org.openqa.selenium.chrome.ChromeDriver
Command: [fd31d3e14d4daae7e1b529477ccd4fd1, findElement {value=(//a[@id='Leave-seller-feedback_2'])[1], using=xpath}]
Capabilities {acceptInsecureCerts: false, browserName: chrome, browserVersion: 128.0.6613.138, chrome: {chromedriverVersion: 128.0.6613.137 (fe621c5aa2d..., userDataDir: C:\Users\USER\AppData\Local...}, fedcm:accounts: true, goog:chromeOptions: {debuggerAddress: localhost:59452}, networkConnectionEnabled: false, pageLoadStrategy: normal, platformName: windows, proxy: Proxy(), se:cdp: ws://localhost:59452/devtoo..., se:cdpVersion: 128.0.6613.138, setWindowRect: true, strictFileInteractability: false, timeouts: {implicit: 0, pageLoad: 300000, script: 30000}, unhandledPromptBehavior: dismiss and notify, webauthn:extension:credBlob: true, webauthn:extension:largeBlob: true, webauthn:extension:minPinLength: true, webauthn:extension:prf: true, webauthn:virtualAuthenticators: true}
Session ID: fd31d3e14d4daae7e1b529477ccd4fd1
at java.base/jdk.internal.reflect.NativeConstructorAccessorImpl.newInstance0(Native Method)
at java.base/jdk.internal.reflect.NativeConstructorAccessorImpl.newInstance(NativeConstructorAccessorImpl.java:77)
at java.base/jdk.internal.reflect.DelegatingConstructorAccessorImpl.newInstance(DelegatingConstructorAccessorImpl.java:45)
at java.base/java.lang.reflect.Constructor.newInstanceWithCaller(Constructor.java:499)
at java.base/java.lang.reflect.Constructor.newInstance(Constructor.java:480)
at org.openqa.selenium.remote.ErrorCodec.decode(ErrorCodec.java:167)
at org.openqa.selenium.remote.codec.w3c.W3CHttpResponseCodec.decode(W3CHttpResponseCodec.java:138)
at org.openqa.selenium.remote.codec.w3c.W3CHttpResponseCodec.decode(W3CHttpResponseCodec.java:50)
at org.openqa.selenium.remote.HttpCommandExecutor.execute(HttpCommandExecutor.java:190)
at org.openqa.selenium.remote.service.DriverCommandExecutor.invokeExecute(DriverCommandExecutor.java:216)
at org.openqa.selenium.remote.service.DriverCommandExecutor.execute(DriverCommandExecutor.java:174)
at org.openqa.selenium.remote.RemoteWebDriver.execute(RemoteWebDriver.java:545)
at org.openqa.selenium.remote.ElementLocation$ElementFinder$2.findElement(ElementLocation.java:165)
at org.openqa.selenium.remote.ElementLocation.findElement(ElementLocation.java:59)
at org.openqa.selenium.remote.RemoteWebDriver.findElement(RemoteWebDriver.java:368)
at org.openqa.selenium.remote.RemoteWebDriver.findElement(RemoteWebDriver.java:362)
at org.openqa.selenium.support.pagefactory.DefaultElementLocator.findElement(DefaultElementLocator.java:68)
at org.openqa.selenium.support.pagefactory.internal.LocatingElementHandler.invoke(LocatingElementHandler.java:38)
at jdk.proxy2/jdk.proxy2.$Proxy11.click(Unknown Source)
at AmzSourceFiles.AZ14_RatingPage.review(AZ14_RatingPage.java:33)
at AmztestCASES.AZTC_14RatingPage.ratingpage(AZTC_14RatingPage.java:39)
at java.base/jdk.internal.reflect.NativeMethodAccessorImpl.invoke0(Native Method)
at java.base/jdk.internal.reflect.NativeMethodAccessorImpl.invoke(NativeMethodAccessorImpl.java:77)
at java.base/jdk.internal.reflect.DelegatingMethodAccessorImpl.invoke(DelegatingMethodAccessorImpl.java:43)
at java.base/java.lang.reflect.Method.invoke(Method.java:568)
at org.testng.internal.invokers.MethodInvocationHelper.invokeMethod(MethodInvocationHelper.java:141)
at org.testng.internal.invokers.TestInvoker.invokeMethod(TestInvoker.java:686)
at org.testng.internal.invokers.TestInvoker.invokeTestMethod(TestInvoker.java:230)
at org.testng.internal.invokers.MethodRunner.runInSequence(MethodRunner.java:63)
at org.testng.internal.invokers.TestInvoker$MethodInvocationAgent.invoke(TestInvoker.java:992)
at org.testng.internal.invokers.TestInvoker.invokeTestMethods(TestInvoker.java:203)
at org.testng.internal.invokers.TestMethodWorker.invokeTestMethods(TestMethodWorker.java:154)
at org.testng.internal.invokers.TestMethodWorker.run(TestMethodWorker.java:134)
at java.base/java.util.ArrayList.forEach(ArrayList.java:1511)
at org.testng.TestRunner.privateRun(TestRunner.java:739)
at org.testng.TestRunner.run(TestRunner.java:614)
at org.testng.SuiteRunner.runTest(SuiteRunner.java:421)
at org.testng.SuiteRunner.runSequentially(SuiteRunner.java:413)
at org.testng.SuiteRunner.privateRun(SuiteRunner.java:373)
at org.testng.SuiteRunner.run(SuiteRunner.java:312)
at org.testng.SuiteRunnerWorker.runSuite(SuiteRunnerWorker.java:52)
at org.testng.SuiteRunnerWorker.run(SuiteRunnerWorker.java:95)
at org.testng.TestNG.runSuitesSequentially(TestNG.java:1274)
at org.testng.TestNG.runSuitesLocally(TestNG.java:1208)
at org.testng.TestNG.runSuites(TestNG.java:1112)
at org.testng.TestNG.run(TestNG.java:1079)
at org.apache.maven.surefire.testng.TestNGExecutor.run(TestNGExecutor.java:324)
at org.apache.maven.surefire.testng.TestNGXmlTestSuite.execute(TestNGXmlTestSuite.java:74)
at org.apache.maven.surefire.testng.TestNGProvider.invoke(TestNGProvider.java:123)
at org.apache.maven.surefire.booter.ForkedBooter.runSuitesInProcess(ForkedBooter.java:456)
at org.apache.maven.surefire.booter.ForkedBooter.execute(ForkedBooter.java:169)
at org.apache.maven.surefire.booter.ForkedBooter.run(ForkedBooter.java:595)
at org.apache.maven.surefire.booter.ForkedBooter.main(ForkedBooter.java:581)
]]>
            </full-stacktrace>
          </exception> <!-- org.openqa.selenium.NoSuchElementException -->
          <reporter-output>
            <line>
              <![CDATA[TestCASE is Failed]]>
            </line>
          </reporter-output>
        </test-method> <!-- ratingpage -->
        <test-method is-config="true" signature="AmzQuit()[pri:0, instance:AmztestCASES.AZTC_14RatingPage@428640fa]" started-at="2024-09-18T10:29:05 IST" name="AmzQuit" finished-at="2024-09-18T10:29:06 IST" duration-ms="338" status="PASS">
          <reporter-output>
          </reporter-output>
        </test-method> <!-- AmzQuit -->
      </class> <!-- AmztestCASES.AZTC_14RatingPage -->
      <class name="AmztestCASES.AZTC_02LoginCorrectCredientials">
        <test-method is-config="true" signature="AmzLaunch()[pri:0, instance:AmztestCASES.AZTC_02LoginCorrectCredientials@63376bed]" started-at="2024-09-18T10:32:32 IST" name="AmzLaunch" finished-at="2024-09-18T10:32:42 IST" duration-ms="10134" status="PASS">
          <reporter-output>
          </reporter-output>
        </test-method> <!-- AmzLaunch -->
        <test-method signature="test1()[pri:0, instance:AmztestCASES.AZTC_02LoginCorrectCredientials@63376bed]" started-at="2024-09-18T10:32:42 IST" name="test1" finished-at="2024-09-18T10:33:07 IST" duration-ms="25072" status="PASS">
          <reporter-output>
            <line>
              <![CDATA[TestCASE is Passed]]>
            </line>
          </reporter-output>
        </test-method> <!-- test1 -->
        <test-method is-config="true" signature="AmzQuit()[pri:0, instance:AmztestCASES.AZTC_02LoginCorrectCredientials@63376bed]" started-at="2024-09-18T10:33:07 IST" name="AmzQuit" finished-at="2024-09-18T10:33:08 IST" duration-ms="359" status="PASS">
          <reporter-output>
          </reporter-output>
        </test-method> <!-- AmzQuit -->
      </class> <!-- AmztestCASES.AZTC_02LoginCorrectCredientials -->
      <class name="AmztestCASES.AZTC_15ReachCart">
        <test-method is-config="true" signature="AmzLaunch()[pri:0, instance:AmztestCASES.AZTC_15ReachCart@368247b9]" started-at="2024-09-18T10:29:06 IST" name="AmzLaunch" finished-at="2024-09-18T10:29:15 IST" duration-ms="9252" status="PASS">
          <reporter-output>
          </reporter-output>
        </test-method> <!-- AmzLaunch -->
        <test-method signature="ReachCart()[pri:0, instance:AmztestCASES.AZTC_15ReachCart@368247b9]" started-at="2024-09-18T10:29:15 IST" name="ReachCart" finished-at="2024-09-18T10:29:24 IST" duration-ms="9196" status="PASS">
          <reporter-output>
            <line>
              <![CDATA[TestCASE is Passed]]>
            </line>
          </reporter-output>
        </test-method> <!-- ReachCart -->
        <test-method is-config="true" signature="AmzQuit()[pri:0, instance:AmztestCASES.AZTC_15ReachCart@368247b9]" started-at="2024-09-18T10:29:24 IST" name="AmzQuit" finished-at="2024-09-18T10:29:24 IST" duration-ms="301" status="PASS">
          <reporter-output>
          </reporter-output>
        </test-method> <!-- AmzQuit -->
      </class> <!-- AmztestCASES.AZTC_15ReachCart -->
      <class name="AmztestCASES.AZTC_10UpdatingRemovingproduct">
        <test-method is-config="true" signature="AmzLaunch()[pri:0, instance:AmztestCASES.AZTC_10UpdatingRemovingproduct@71ba6d4e]" started-at="2024-09-18T10:30:52 IST" name="AmzLaunch" finished-at="2024-09-18T10:30:59 IST" duration-ms="7074" status="PASS">
          <reporter-output>
          </reporter-output>
        </test-method> <!-- AmzLaunch -->
        <test-method signature="TestSenario10()[pri:0, instance:AmztestCASES.AZTC_10UpdatingRemovingproduct@71ba6d4e]" started-at="2024-09-18T10:30:59 IST" name="TestSenario10" finished-at="2024-09-18T10:31:08 IST" duration-ms="9414" status="PASS">
          <reporter-output>
            <line>
              <![CDATA[TestCASE is Passed]]>
            </line>
          </reporter-output>
        </test-method> <!-- TestSenario10 -->
        <test-method is-config="true" signature="AmzQuit()[pri:0, instance:AmztestCASES.AZTC_10UpdatingRemovingproduct@71ba6d4e]" started-at="2024-09-18T10:31:08 IST" name="AmzQuit" finished-at="2024-09-18T10:31:08 IST" duration-ms="314" status="PASS">
          <reporter-output>
          </reporter-output>
        </test-method> <!-- AmzQuit -->
      </class> <!-- AmztestCASES.AZTC_10UpdatingRemovingproduct -->
    </test> <!-- Test -->
  </suite> <!-- Suite -->
</testng-results>
